2019-11-15 17:40:33 [ThreadId 7] ERROR phoityne - "error: Variable not in scope: input"
2019-11-15 17:40:36 [ThreadId 7] ERROR phoityne - "error: Variable not in scope: input"
2019-11-15 17:41:42 [ThreadId 7] ERROR phoityne - "error: Variable not in scope: input"
2019-11-15 17:41:52 [ThreadId 7] ERROR phoityne - "error: Variable not in scope: input"
2019-11-15 17:42:02 [ThreadId 7] ERROR phoityne - "error: Variable not in scope: m"
2019-11-15 17:43:20 [ThreadId 7] ERROR phoityne - [WARN] stepOut command is not supported. ignored.
2019-11-15 17:43:20 [ThreadId 7] ERROR phoityne - [WARN] stepOut command is not supported. ignored.
2019-11-15 17:43:24 [ThreadId 7] ERROR phoityne - [WARN] stepOut command is not supported. ignored.
2019-11-15 17:43:25 [ThreadId 7] ERROR phoityne - [WARN] stepOut command is not supported. ignored.
2019-11-15 17:43:25 [ThreadId 7] ERROR phoityne - [WARN] stepOut command is not supported. ignored.
2019-11-15 17:43:32 [ThreadId 7] ERROR phoityne - "error: \8226 Variable not in scope: separator \8226 Perhaps you meant \8216isSeparator\8217 (imported from Data.Char)"
2019-11-15 17:44:23 [ThreadId 7] ERROR phoityne - "\"extractSourcePosition\" (line 2, column 6):\nunexpected end of input\nexpecting \"Stopped at \" or \"Stopped in \" [INPUT]1.0, 2.0, *** Exception: Prelude.read: no parse\nH>>= "
2019-11-15 17:44:46 [ThreadId 7] ERROR phoityne - "error: Variable not in scope: m"
2019-11-15 17:45:34 [ThreadId 7] ERROR phoityne - "error: parse error on input \8216::\8217"
2019-11-15 17:45:43 [ThreadId 7] ERROR phoityne - "\"extractSourcePosition\" (line 2, column 6):\nunexpected end of input\nexpecting \"Stopped at \" or \"Stopped in \" [INPUT]1.0, 2.0, *** Exception: Prelude.read: no parse\nH>>= "
2019-11-15 17:45:44 [ThreadId 7] ERROR phoityne - "\"extractSourcePosition\" (line 2, column 6):\nunexpected end of input\nexpecting \"Stopped at \" or \"Stopped in \" [INPUT]not stopped at a breakpoint\nH>>= "
2019-11-15 17:45:44 [ThreadId 7] ERROR phoityne - "\"extractSourcePosition\" (line 2, column 6):\nunexpected end of input\nexpecting \"Stopped at \" or \"Stopped in \" [INPUT]not stopped at a breakpoint\nH>>= "
2019-11-15 17:45:44 [ThreadId 7] ERROR phoityne - "\"extractSourcePosition\" (line 2, column 6):\nunexpected end of input\nexpecting \"Stopped at \" or \"Stopped in \" [INPUT]not stopped at a breakpoint\nH>>= "
2019-11-15 17:45:44 [ThreadId 7] ERROR phoityne - "\"extractSourcePosition\" (line 2, column 6):\nunexpected end of input\nexpecting \"Stopped at \" or \"Stopped in \" [INPUT]not stopped at a breakpoint\nH>>= "
2019-11-15 17:45:44 [ThreadId 7] ERROR phoityne - "\"extractSourcePosition\" (line 2, column 6):\nunexpected end of input\nexpecting \"Stopped at \" or \"Stopped in \" [INPUT]not stopped at a breakpoint\nH>>= "
2019-11-15 17:45:44 [ThreadId 7] ERROR phoityne - "\"extractSourcePosition\" (line 2, column 6):\nunexpected end of input\nexpecting \"Stopped at \" or \"Stopped in \" [INPUT]not stopped at a breakpoint\nH>>= "
2019-11-15 17:45:44 [ThreadId 7] ERROR phoityne - "\"extractSourcePosition\" (line 2, column 6):\nunexpected end of input\nexpecting \"Stopped at \" or \"Stopped in \" [INPUT]not stopped at a breakpoint\nH>>= "
2019-11-15 17:45:44 [ThreadId 7] ERROR phoityne - "\"extractSourcePosition\" (line 2, column 6):\nunexpected end of input\nexpecting \"Stopped at \" or \"Stopped in \" [INPUT]not stopped at a breakpoint\nH>>= "
2019-11-15 17:45:44 [ThreadId 7] ERROR phoityne - "\"extractSourcePosition\" (line 2, column 6):\nunexpected end of input\nexpecting \"Stopped at \" or \"Stopped in \" [INPUT]not stopped at a breakpoint\nH>>= "
2019-11-15 17:45:44 [ThreadId 7] ERROR phoityne - "\"extractSourcePosition\" (line 2, column 6):\nunexpected end of input\nexpecting \"Stopped at \" or \"Stopped in \" [INPUT]not stopped at a breakpoint\nH>>= "
2019-11-15 17:45:44 [ThreadId 7] ERROR phoityne - "\"extractSourcePosition\" (line 2, column 6):\nunexpected end of input\nexpecting \"Stopped at \" or \"Stopped in \" [INPUT]not stopped at a breakpoint\nH>>= "
2019-11-15 17:45:44 [ThreadId 7] ERROR phoityne - "\"extractSourcePosition\" (line 2, column 6):\nunexpected end of input\nexpecting \"Stopped at \" or \"Stopped in \" [INPUT]not stopped at a breakpoint\nH>>= "
2019-11-15 17:45:44 [ThreadId 7] ERROR phoityne - "\"extractSourcePosition\" (line 2, column 6):\nunexpected end of input\nexpecting \"Stopped at \" or \"Stopped in \" [INPUT]not stopped at a breakpoint\nH>>= "
2019-11-15 17:45:44 [ThreadId 7] ERROR phoityne - "\"extractSourcePosition\" (line 2, column 6):\nunexpected end of input\nexpecting \"Stopped at \" or \"Stopped in \" [INPUT]not stopped at a breakpoint\nH>>= "
2019-11-15 17:45:44 [ThreadId 7] ERROR phoityne - "\"extractSourcePosition\" (line 2, column 6):\nunexpected end of input\nexpecting \"Stopped at \" or \"Stopped in \" [INPUT]not stopped at a breakpoint\nH>>= "
2019-11-15 17:45:44 [ThreadId 7] ERROR phoityne - "\"extractSourcePosition\" (line 2, column 6):\nunexpected end of input\nexpecting \"Stopped at \" or \"Stopped in \" [INPUT]not stopped at a breakpoint\nH>>= "
2019-11-15 17:45:44 [ThreadId 7] ERROR phoityne - "\"extractSourcePosition\" (line 2, column 6):\nunexpected end of input\nexpecting \"Stopped at \" or \"Stopped in \" [INPUT]not stopped at a breakpoint\nH>>= "
2019-11-15 17:45:44 [ThreadId 7] ERROR phoityne - "\"extractSourcePosition\" (line 2, column 6):\nunexpected end of input\nexpecting \"Stopped at \" or \"Stopped in \" [INPUT]not stopped at a breakpoint\nH>>= "
2019-11-15 17:45:44 [ThreadId 7] ERROR phoityne - "\"extractSourcePosition\" (line 2, column 6):\nunexpected end of input\nexpecting \"Stopped at \" or \"Stopped in \" [INPUT]not stopped at a breakpoint\nH>>= "
2019-11-15 17:45:44 [ThreadId 7] ERROR phoityne - "\"extractSourcePosition\" (line 2, column 6):\nunexpected end of input\nexpecting \"Stopped at \" or \"Stopped in \" [INPUT]not stopped at a breakpoint\nH>>= "
2019-11-15 17:45:44 [ThreadId 7] ERROR phoityne - "\"extractSourcePosition\" (line 2, column 6):\nunexpected end of input\nexpecting \"Stopped at \" or \"Stopped in \" [INPUT]not stopped at a breakpoint\nH>>= "
2019-11-15 17:45:44 [ThreadId 7] ERROR phoityne - "\"extractSourcePosition\" (line 2, column 6):\nunexpected end of input\nexpecting \"Stopped at \" or \"Stopped in \" [INPUT]not stopped at a breakpoint\nH>>= "
2019-11-15 17:45:44 [ThreadId 7] ERROR phoityne - "\"extractSourcePosition\" (line 2, column 6):\nunexpected end of input\nexpecting \"Stopped at \" or \"Stopped in \" [INPUT]not stopped at a breakpoint\nH>>= "
2019-11-15 17:45:44 [ThreadId 7] ERROR phoityne - "\"extractSourcePosition\" (line 2, column 6):\nunexpected end of input\nexpecting \"Stopped at \" or \"Stopped in \" [INPUT]not stopped at a breakpoint\nH>>= "
2019-11-15 17:45:44 [ThreadId 7] ERROR phoityne - "\"extractSourcePosition\" (line 2, column 6):\nunexpected end of input\nexpecting \"Stopped at \" or \"Stopped in \" [INPUT]not stopped at a breakpoint\nH>>= "
2019-11-15 17:45:44 [ThreadId 7] ERROR phoityne - "\"extractSourcePosition\" (line 2, column 6):\nunexpected end of input\nexpecting \"Stopped at \" or \"Stopped in \" [INPUT]not stopped at a breakpoint\nH>>= "
2019-11-15 17:45:44 [ThreadId 7] ERROR phoityne - "\"extractSourcePosition\" (line 2, column 6):\nunexpected end of input\nexpecting \"Stopped at \" or \"Stopped in \" [INPUT]not stopped at a breakpoint\nH>>= "
2019-11-15 17:45:44 [ThreadId 7] ERROR phoityne - "\"extractSourcePosition\" (line 2, column 6):\nunexpected end of input\nexpecting \"Stopped at \" or \"Stopped in \" [INPUT]not stopped at a breakpoint\nH>>= "
2019-11-15 17:45:44 [ThreadId 7] ERROR phoityne - "\"extractSourcePosition\" (line 2, column 6):\nunexpected end of input\nexpecting \"Stopped at \" or \"Stopped in \" [INPUT]not stopped at a breakpoint\nH>>= "
2019-11-15 17:45:44 [ThreadId 7] ERROR phoityne - "\"extractSourcePosition\" (line 2, column 6):\nunexpected end of input\nexpecting \"Stopped at \" or \"Stopped in \" [INPUT]not stopped at a breakpoint\nH>>= "
2019-11-15 17:45:44 [ThreadId 7] ERROR phoityne - "\"extractSourcePosition\" (line 2, column 6):\nunexpected end of input\nexpecting \"Stopped at \" or \"Stopped in \" [INPUT]not stopped at a breakpoint\nH>>= "
2019-11-15 17:45:44 [ThreadId 7] ERROR phoityne - "\"extractSourcePosition\" (line 2, column 6):\nunexpected end of input\nexpecting \"Stopped at \" or \"Stopped in \" [INPUT]not stopped at a breakpoint\nH>>= "
2019-11-15 17:45:44 [ThreadId 7] ERROR phoityne - "\"extractSourcePosition\" (line 2, column 6):\nunexpected end of input\nexpecting \"Stopped at \" or \"Stopped in \" [INPUT]not stopped at a breakpoint\nH>>= "
2019-11-15 17:45:44 [ThreadId 7] ERROR phoityne - "\"extractSourcePosition\" (line 2, column 6):\nunexpected end of input\nexpecting \"Stopped at \" or \"Stopped in \" [INPUT]not stopped at a breakpoint\nH>>= "
2019-11-15 17:45:44 [ThreadId 7] ERROR phoityne - "\"extractSourcePosition\" (line 2, column 6):\nunexpected end of input\nexpecting \"Stopped at \" or \"Stopped in \" [INPUT]not stopped at a breakpoint\nH>>= "
2019-11-15 17:45:44 [ThreadId 7] ERROR phoityne - "\"extractSourcePosition\" (line 2, column 6):\nunexpected end of input\nexpecting \"Stopped at \" or \"Stopped in \" [INPUT]not stopped at a breakpoint\nH>>= "
2019-11-15 17:45:44 [ThreadId 7] ERROR phoityne - "\"extractSourcePosition\" (line 2, column 6):\nunexpected end of input\nexpecting \"Stopped at \" or \"Stopped in \" [INPUT]not stopped at a breakpoint\nH>>= "
2019-11-15 17:45:44 [ThreadId 7] ERROR phoityne - "\"extractSourcePosition\" (line 2, column 6):\nunexpected end of input\nexpecting \"Stopped at \" or \"Stopped in \" [INPUT]not stopped at a breakpoint\nH>>= "
2019-11-15 17:45:44 [ThreadId 7] ERROR phoityne - "\"extractSourcePosition\" (line 2, column 6):\nunexpected end of input\nexpecting \"Stopped at \" or \"Stopped in \" [INPUT]not stopped at a breakpoint\nH>>= "
2019-11-15 17:45:44 [ThreadId 7] ERROR phoityne - "\"extractSourcePosition\" (line 2, column 6):\nunexpected end of input\nexpecting \"Stopped at \" or \"Stopped in \" [INPUT]not stopped at a breakpoint\nH>>= "
2019-11-15 17:45:44 [ThreadId 7] ERROR phoityne - "\"extractSourcePosition\" (line 2, column 6):\nunexpected end of input\nexpecting \"Stopped at \" or \"Stopped in \" [INPUT]not stopped at a breakpoint\nH>>= "
2019-11-15 17:45:44 [ThreadId 7] ERROR phoityne - "\"extractSourcePosition\" (line 2, column 6):\nunexpected end of input\nexpecting \"Stopped at \" or \"Stopped in \" [INPUT]not stopped at a breakpoint\nH>>= "
2019-11-15 17:45:44 [ThreadId 7] ERROR phoityne - "\"extractSourcePosition\" (line 2, column 6):\nunexpected end of input\nexpecting \"Stopped at \" or \"Stopped in \" [INPUT]not stopped at a breakpoint\nH>>= "
2019-11-15 17:45:44 [ThreadId 7] ERROR phoityne - "\"extractSourcePosition\" (line 2, column 6):\nunexpected end of input\nexpecting \"Stopped at \" or \"Stopped in \" [INPUT]not stopped at a breakpoint\nH>>= "
2019-11-15 17:45:44 [ThreadId 7] ERROR phoityne - "\"extractSourcePosition\" (line 2, column 6):\nunexpected end of input\nexpecting \"Stopped at \" or \"Stopped in \" [INPUT]not stopped at a breakpoint\nH>>= "
2019-11-15 17:45:44 [ThreadId 7] ERROR phoityne - "\"extractSourcePosition\" (line 2, column 6):\nunexpected end of input\nexpecting \"Stopped at \" or \"Stopped in \" [INPUT]not stopped at a breakpoint\nH>>= "
2019-11-15 17:45:44 [ThreadId 7] ERROR phoityne - "\"extractSourcePosition\" (line 2, column 6):\nunexpected end of input\nexpecting \"Stopped at \" or \"Stopped in \" [INPUT]not stopped at a breakpoint\nH>>= "
2019-11-15 17:45:44 [ThreadId 7] ERROR phoityne - "\"extractSourcePosition\" (line 2, column 6):\nunexpected end of input\nexpecting \"Stopped at \" or \"Stopped in \" [INPUT]not stopped at a breakpoint\nH>>= "
2019-11-15 17:45:44 [ThreadId 7] ERROR phoityne - "\"extractSourcePosition\" (line 2, column 6):\nunexpected end of input\nexpecting \"Stopped at \" or \"Stopped in \" [INPUT]not stopped at a breakpoint\nH>>= "
2019-11-15 17:45:44 [ThreadId 7] ERROR phoityne - "\"extractSourcePosition\" (line 2, column 6):\nunexpected end of input\nexpecting \"Stopped at \" or \"Stopped in \" [INPUT]not stopped at a breakpoint\nH>>= "
2019-11-15 17:45:44 [ThreadId 7] ERROR phoityne - "\"extractSourcePosition\" (line 2, column 6):\nunexpected end of input\nexpecting \"Stopped at \" or \"Stopped in \" [INPUT]not stopped at a breakpoint\nH>>= "
2019-11-15 17:45:44 [ThreadId 7] ERROR phoityne - "\"extractSourcePosition\" (line 2, column 6):\nunexpected end of input\nexpecting \"Stopped at \" or \"Stopped in \" [INPUT]not stopped at a breakpoint\nH>>= "
2019-11-15 17:45:44 [ThreadId 7] ERROR phoityne - "\"extractSourcePosition\" (line 2, column 6):\nunexpected end of input\nexpecting \"Stopped at \" or \"Stopped in \" [INPUT]not stopped at a breakpoint\nH>>= "
2019-11-15 17:45:44 [ThreadId 7] ERROR phoityne - "\"extractSourcePosition\" (line 2, column 6):\nunexpected end of input\nexpecting \"Stopped at \" or \"Stopped in \" [INPUT]not stopped at a breakpoint\nH>>= "
2019-11-15 17:45:44 [ThreadId 7] ERROR phoityne - "\"extractSourcePosition\" (line 2, column 6):\nunexpected end of input\nexpecting \"Stopped at \" or \"Stopped in \" [INPUT]not stopped at a breakpoint\nH>>= "
2019-11-15 17:45:44 [ThreadId 7] ERROR phoityne - "\"extractSourcePosition\" (line 2, column 6):\nunexpected end of input\nexpecting \"Stopped at \" or \"Stopped in \" [INPUT]not stopped at a breakpoint\nH>>= "
2019-11-15 17:45:44 [ThreadId 7] ERROR phoityne - "\"extractSourcePosition\" (line 2, column 6):\nunexpected end of input\nexpecting \"Stopped at \" or \"Stopped in \" [INPUT]not stopped at a breakpoint\nH>>= "
2019-11-15 17:45:44 [ThreadId 7] ERROR phoityne - "\"extractSourcePosition\" (line 2, column 6):\nunexpected end of input\nexpecting \"Stopped at \" or \"Stopped in \" [INPUT]not stopped at a breakpoint\nH>>= "
2019-11-15 17:45:44 [ThreadId 7] ERROR phoityne - "\"extractSourcePosition\" (line 2, column 6):\nunexpected end of input\nexpecting \"Stopped at \" or \"Stopped in \" [INPUT]not stopped at a breakpoint\nH>>= "
2019-11-15 17:45:44 [ThreadId 7] ERROR phoityne - "\"extractSourcePosition\" (line 2, column 6):\nunexpected end of input\nexpecting \"Stopped at \" or \"Stopped in \" [INPUT]not stopped at a breakpoint\nH>>= "
2019-11-15 17:45:44 [ThreadId 7] ERROR phoityne - "\"extractSourcePosition\" (line 2, column 6):\nunexpected end of input\nexpecting \"Stopped at \" or \"Stopped in \" [INPUT]not stopped at a breakpoint\nH>>= "
2019-11-15 17:45:44 [ThreadId 7] ERROR phoityne - "\"extractSourcePosition\" (line 2, column 6):\nunexpected end of input\nexpecting \"Stopped at \" or \"Stopped in \" [INPUT]not stopped at a breakpoint\nH>>= "
2019-11-15 17:45:44 [ThreadId 7] ERROR phoityne - "\"extractSourcePosition\" (line 2, column 6):\nunexpected end of input\nexpecting \"Stopped at \" or \"Stopped in \" [INPUT]not stopped at a breakpoint\nH>>= "
2019-11-15 17:45:44 [ThreadId 7] ERROR phoityne - "\"extractSourcePosition\" (line 2, column 6):\nunexpected end of input\nexpecting \"Stopped at \" or \"Stopped in \" [INPUT]not stopped at a breakpoint\nH>>= "
2019-11-15 17:45:44 [ThreadId 7] ERROR phoityne - "\"extractSourcePosition\" (line 2, column 6):\nunexpected end of input\nexpecting \"Stopped at \" or \"Stopped in \" [INPUT]not stopped at a breakpoint\nH>>= "
2019-11-15 17:45:44 [ThreadId 7] ERROR phoityne - "\"extractSourcePosition\" (line 2, column 6):\nunexpected end of input\nexpecting \"Stopped at \" or \"Stopped in \" [INPUT]not stopped at a breakpoint\nH>>= "
2019-11-15 17:45:44 [ThreadId 7] ERROR phoityne - "\"extractSourcePosition\" (line 2, column 6):\nunexpected end of input\nexpecting \"Stopped at \" or \"Stopped in \" [INPUT]not stopped at a breakpoint\nH>>= "
2019-11-15 17:45:44 [ThreadId 7] ERROR phoityne - "\"extractSourcePosition\" (line 2, column 6):\nunexpected end of input\nexpecting \"Stopped at \" or \"Stopped in \" [INPUT]not stopped at a breakpoint\nH>>= "
2019-11-15 17:45:44 [ThreadId 7] ERROR phoityne - "\"extractSourcePosition\" (line 2, column 6):\nunexpected end of input\nexpecting \"Stopped at \" or \"Stopped in \" [INPUT]not stopped at a breakpoint\nH>>= "
2019-11-15 17:45:44 [ThreadId 7] ERROR phoityne - "\"extractSourcePosition\" (line 2, column 6):\nunexpected end of input\nexpecting \"Stopped at \" or \"Stopped in \" [INPUT]not stopped at a breakpoint\nH>>= "
2019-11-15 17:45:44 [ThreadId 7] ERROR phoityne - "\"extractSourcePosition\" (line 2, column 6):\nunexpected end of input\nexpecting \"Stopped at \" or \"Stopped in \" [INPUT]not stopped at a breakpoint\nH>>= "
2019-11-15 17:45:44 [ThreadId 7] ERROR phoityne - "\"extractSourcePosition\" (line 2, column 6):\nunexpected end of input\nexpecting \"Stopped at \" or \"Stopped in \" [INPUT]not stopped at a breakpoint\nH>>= "
2019-11-15 17:45:44 [ThreadId 7] ERROR phoityne - "\"extractSourcePosition\" (line 2, column 6):\nunexpected end of input\nexpecting \"Stopped at \" or \"Stopped in \" [INPUT]not stopped at a breakpoint\nH>>= "
2019-11-15 17:45:44 [ThreadId 7] ERROR phoityne - "\"extractSourcePosition\" (line 2, column 6):\nunexpected end of input\nexpecting \"Stopped at \" or \"Stopped in \" [INPUT]not stopped at a breakpoint\nH>>= "
2019-11-15 17:45:44 [ThreadId 7] ERROR phoityne - "\"extractSourcePosition\" (line 2, column 6):\nunexpected end of input\nexpecting \"Stopped at \" or \"Stopped in \" [INPUT]not stopped at a breakpoint\nH>>= "
2019-11-15 17:45:44 [ThreadId 7] ERROR phoityne - "\"extractSourcePosition\" (line 2, column 6):\nunexpected end of input\nexpecting \"Stopped at \" or \"Stopped in \" [INPUT]not stopped at a breakpoint\nH>>= "
2019-11-15 17:45:44 [ThreadId 7] ERROR phoityne - "\"extractSourcePosition\" (line 2, column 6):\nunexpected end of input\nexpecting \"Stopped at \" or \"Stopped in \" [INPUT]not stopped at a breakpoint\nH>>= "
2019-11-15 17:45:44 [ThreadId 7] ERROR phoityne - "\"extractSourcePosition\" (line 2, column 6):\nunexpected end of input\nexpecting \"Stopped at \" or \"Stopped in \" [INPUT]not stopped at a breakpoint\nH>>= "
2019-11-15 17:45:44 [ThreadId 7] ERROR phoityne - "\"extractSourcePosition\" (line 2, column 6):\nunexpected end of input\nexpecting \"Stopped at \" or \"Stopped in \" [INPUT]not stopped at a breakpoint\nH>>= "
2019-11-15 17:45:44 [ThreadId 7] ERROR phoityne - "\"extractSourcePosition\" (line 2, column 6):\nunexpected end of input\nexpecting \"Stopped at \" or \"Stopped in \" [INPUT]not stopped at a breakpoint\nH>>= "
2019-11-15 17:45:44 [ThreadId 7] ERROR phoityne - "\"extractSourcePosition\" (line 2, column 6):\nunexpected end of input\nexpecting \"Stopped at \" or \"Stopped in \" [INPUT]not stopped at a breakpoint\nH>>= "
2019-11-15 17:45:44 [ThreadId 7] ERROR phoityne - [WARN] stepOut command is not supported. ignored.
2019-11-15 21:07:48 [ThreadId 7] ERROR phoityne - "\"extractSourcePosition\" (line 2, column 6):\nunexpected end of input\nexpecting \"Stopped at \" or \"Stopped in \" [INPUT]1.0, 2.0, *** Exception: Prelude.read: no parse\nH>>= "
2019-11-15 21:08:36 [ThreadId 7] ERROR phoityne - "error: Variable not in scope: accumulator"
2019-11-15 21:08:40 [ThreadId 7] ERROR phoityne - "error: Variable not in scope: accumulator"
2019-11-15 21:08:43 [ThreadId 7] ERROR phoityne - "error: Variable not in scope: accumulator"
2019-11-15 21:08:44 [ThreadId 7] ERROR phoityne - "error: Variable not in scope: accumulator"
2019-11-15 21:08:46 [ThreadId 7] ERROR phoityne - "error: Variable not in scope: accumulator"
2019-11-15 21:08:47 [ThreadId 7] ERROR phoityne - "error: Variable not in scope: accumulator"
2019-11-15 21:08:57 [ThreadId 7] ERROR phoityne - [WARN] stepOut command is not supported. ignored.
2019-11-17 18:27:59 [ThreadId 7] ERROR phoityne - "\"extractBindingBindingDatas\" (line 16, column 1):\nunexpected end of input\nexpecting \" ::\" [INPUT]\n<interactive>:1:1: error:\n    \8226 No instance for (Show a) arising from a use of \8216show\8217\n      Cannot resolve unknown runtime type \8216a\8217\n      Use :print or :force to determine these types\n      These potential instances exist:\n        instance Show Ordering -- Defined in \8216GHC.Show\8217\n        instance Show Integer -- Defined in \8216GHC.Show\8217\n        instance Show a => Show (V.Vector a) -- Defined in \8216Data.Vector\8217\n        ...plus 24 others\n        ...plus 29 instances involving out-of-scope types\n        (use -fprint-potential-instances to see them all)\n    \8226 In the expression: show showme\n      In an equation for \8216_compileParsedExpr\8217:\n          _compileParsedExpr = show showme\n"
2019-11-17 18:28:07 [ThreadId 7] ERROR phoityne - [WARN] stepOut command is not supported. ignored.
2019-11-17 18:28:07 [ThreadId 7] ERROR phoityne - [WARN] stepOut command is not supported. ignored.
2019-11-17 18:28:08 [ThreadId 7] ERROR phoityne - [WARN] stepOut command is not supported. ignored.
2019-11-17 18:28:08 [ThreadId 7] ERROR phoityne - [WARN] stepOut command is not supported. ignored.
2019-11-17 18:28:08 [ThreadId 7] ERROR phoityne - [WARN] stepOut command is not supported. ignored.
2019-11-17 18:28:08 [ThreadId 7] ERROR phoityne - [WARN] stepOut command is not supported. ignored.
2019-11-17 18:28:09 [ThreadId 7] ERROR phoityne - [WARN] stepOut command is not supported. ignored.
2019-11-17 18:28:09 [ThreadId 7] ERROR phoityne - [WARN] stepOut command is not supported. ignored.
2019-11-17 18:28:09 [ThreadId 7] ERROR phoityne - [WARN] stepOut command is not supported. ignored.
2019-11-17 18:28:09 [ThreadId 7] ERROR phoityne - [WARN] stepOut command is not supported. ignored.
2019-11-17 18:28:10 [ThreadId 7] ERROR phoityne - [WARN] stepOut command is not supported. ignored.
2019-11-17 18:28:10 [ThreadId 7] ERROR phoityne - [WARN] stepOut command is not supported. ignored.
2019-11-17 18:28:10 [ThreadId 7] ERROR phoityne - [WARN] stepOut command is not supported. ignored.
2019-11-17 18:33:58 [ThreadId 7] ERROR phoityne - "error: Variable not in scope: m :: Matrix a"
2019-11-17 18:33:59 [ThreadId 7] ERROR phoityne - "error: Variable not in scope: m :: Matrix a"
2019-11-17 18:34:00 [ThreadId 7] ERROR phoityne - "error: Variable not in scope: m :: Matrix a"
2019-11-17 18:34:01 [ThreadId 7] ERROR phoityne - "error: Variable not in scope: m :: Matrix a"
2019-11-17 18:34:02 [ThreadId 7] ERROR phoityne - "error: Variable not in scope: m :: Matrix a"
2019-11-17 18:34:02 [ThreadId 7] ERROR phoityne - "error: Variable not in scope: m :: Matrix a"
2019-11-17 18:34:03 [ThreadId 7] ERROR phoityne - "error: Variable not in scope: m :: Matrix a"
2019-11-17 18:34:03 [ThreadId 7] ERROR phoityne - "error: Variable not in scope: m :: Matrix a"
2019-11-17 18:34:04 [ThreadId 7] ERROR phoityne - "error: Variable not in scope: m :: Matrix a"
2019-11-17 18:34:04 [ThreadId 7] ERROR phoityne - "error: Variable not in scope: m :: Matrix a"
2019-11-17 18:34:06 [ThreadId 7] ERROR phoityne - "error: Variable not in scope: m :: Matrix a"
2019-11-17 18:34:24 [ThreadId 7] ERROR phoityne - "error: parse error on input \8216=\8217 Perhaps you need a 'let' in a 'do' block? e.g. 'let x = 5' instead of 'x = 5'"
2019-11-17 18:34:24 [ThreadId 7] ERROR phoityne - "error: parse error on input \8216=\8217 Perhaps you need a 'let' in a 'do' block? e.g. 'let x = 5' instead of 'x = 5'"
2019-11-17 18:34:27 [ThreadId 7] ERROR phoityne - "error: parse error on input \8216=\8217 Perhaps you need a 'let' in a 'do' block? e.g. 'let x = 5' instead of 'x = 5'"
2019-11-17 18:34:28 [ThreadId 7] ERROR phoityne - "error: parse error on input \8216=\8217 Perhaps you need a 'let' in a 'do' block? e.g. 'let x = 5' instead of 'x = 5'"
2019-11-17 18:35:36 [ThreadId 7] ERROR phoityne - "error: Variable not in scope: m"
2019-11-17 18:35:38 [ThreadId 7] ERROR phoityne - "error: Variable not in scope: m"
2019-11-17 18:35:40 [ThreadId 7] ERROR phoityne - "error: Variable not in scope: m"
2019-11-17 18:35:41 [ThreadId 7] ERROR phoityne - "error: Data constructor not in scope: String"
2019-11-17 18:35:41 [ThreadId 7] ERROR phoityne - "error: Variable not in scope: m"
2019-11-17 18:35:41 [ThreadId 7] ERROR phoityne - "error: Variable not in scope: m"
2019-11-17 18:35:42 [ThreadId 7] ERROR phoityne - "error: Variable not in scope: m"
2019-11-17 18:35:43 [ThreadId 7] ERROR phoityne - "error: Variable not in scope: m"
2019-11-17 18:35:43 [ThreadId 7] ERROR phoityne - "error: Variable not in scope: m"
2019-11-17 18:35:44 [ThreadId 7] ERROR phoityne - "error: Variable not in scope: m"
2019-11-17 18:35:44 [ThreadId 7] ERROR phoityne - "error: Variable not in scope: m"
2019-11-17 18:35:45 [ThreadId 7] ERROR phoityne - "error: Variable not in scope: m"
2019-11-17 18:35:46 [ThreadId 7] ERROR phoityne - "error: Variable not in scope: m"
2019-11-17 18:35:46 [ThreadId 7] ERROR phoityne - "error: Variable not in scope: m"
2019-11-17 18:35:47 [ThreadId 7] ERROR phoityne - "error: Variable not in scope: m"
2019-11-17 18:35:48 [ThreadId 7] ERROR phoityne - "error: Variable not in scope: m"
2019-11-17 18:35:48 [ThreadId 7] ERROR phoityne - "error: Variable not in scope: m"
2019-11-17 18:35:49 [ThreadId 7] ERROR phoityne - "error: Variable not in scope: m"
2019-11-17 18:35:49 [ThreadId 7] ERROR phoityne - "error: Variable not in scope: m"
2019-11-17 18:35:50 [ThreadId 7] ERROR phoityne - "error: Variable not in scope: m"
2019-11-17 18:35:50 [ThreadId 7] ERROR phoityne - "error: Variable not in scope: x"
2019-11-17 18:35:56 [ThreadId 7] ERROR phoityne - "error: Variable not in scope: w"
2019-11-17 18:35:56 [ThreadId 7] ERROR phoityne - "error: Variable not in scope: w"
2019-11-17 18:36:00 [ThreadId 7] ERROR phoityne - "error: Variable not in scope: w"
2019-11-17 18:36:03 [ThreadId 7] ERROR phoityne - "error: Variable not in scope: w"
2019-11-17 18:36:04 [ThreadId 7] ERROR phoityne - "\"extractSourcePosition\" (line 2, column 6):\nunexpected end of input\nexpecting \"Stopped at \" or \"Stopped in \" [INPUT]11, 12, 13, 14, 15, 16, 17, 18, 19, 20, 21, 22, 23, 24, 25\nH>>= "
2019-11-17 18:36:08 [ThreadId 7] ERROR phoityne - "error: Variable not in scope: w"
2019-11-17 18:36:10 [ThreadId 7] ERROR phoityne - "error: Variable not in scope: m"
2019-11-17 18:36:10 [ThreadId 7] ERROR phoityne - "error: Variable not in scope: w"
2019-11-17 18:36:14 [ThreadId 7] ERROR phoityne - "error: Variable not in scope: w"
2019-11-17 18:36:15 [ThreadId 7] ERROR phoityne - "error: Variable not in scope: m"
2019-11-17 18:36:15 [ThreadId 7] ERROR phoityne - "error: Variable not in scope: w"
2019-11-17 18:36:18 [ThreadId 7] ERROR phoityne - "error: Variable not in scope: w"
2019-11-17 18:36:19 [ThreadId 7] ERROR phoityne - "error: Variable not in scope: m"
2019-11-17 18:36:19 [ThreadId 7] ERROR phoityne - "error: Variable not in scope: w"
2019-11-17 18:38:51 [ThreadId 7] ERROR phoityne - "error: Variable not in scope: w"
2019-11-17 18:38:54 [ThreadId 7] ERROR phoityne - "error: Variable not in scope: m"
2019-11-17 18:38:54 [ThreadId 7] ERROR phoityne - "error: Variable not in scope: w"
2019-11-17 18:38:59 [ThreadId 7] ERROR phoityne - "error: Variable not in scope: w"
2019-11-17 18:39:02 [ThreadId 7] ERROR phoityne - "error: Variable not in scope: m"
2019-11-17 18:39:02 [ThreadId 7] ERROR phoityne - "error: Variable not in scope: w"
2019-11-17 18:39:04 [ThreadId 7] ERROR phoityne - [WARN] stepOut command is not supported. ignored.
2019-11-17 18:39:06 [ThreadId 7] ERROR phoityne - [WARN] stepOut command is not supported. ignored.
2019-11-17 18:39:09 [ThreadId 7] ERROR phoityne - "error: Variable not in scope: w"
2019-11-17 18:39:11 [ThreadId 7] ERROR phoityne - "error: Variable not in scope: w"
2019-11-17 18:39:12 [ThreadId 7] ERROR phoityne - "error: Variable not in scope: w"
2019-11-17 18:39:18 [ThreadId 7] ERROR phoityne - "error: Variable not in scope: w"
2019-11-17 18:39:20 [ThreadId 7] ERROR phoityne - "error: Variable not in scope: w"
2019-11-17 18:39:21 [ThreadId 7] ERROR phoityne - "error: Variable not in scope: w"
2019-11-17 18:39:26 [ThreadId 7] ERROR phoityne - "error: Variable not in scope: w"
2019-11-17 18:39:27 [ThreadId 7] ERROR phoityne - "error: Variable not in scope: w"
2019-11-17 18:39:29 [ThreadId 7] ERROR phoityne - "error: Variable not in scope: w"
2019-11-17 18:40:28 [ThreadId 7] ERROR phoityne - "error: Variable not in scope: m"
2019-11-17 18:40:28 [ThreadId 7] ERROR phoityne - "error: Variable not in scope: w"
2019-11-17 18:40:31 [ThreadId 7] ERROR phoityne - "error: Variable not in scope: m"
2019-11-17 18:40:31 [ThreadId 7] ERROR phoityne - "error: Variable not in scope: w"
2019-11-17 18:40:34 [ThreadId 7] ERROR phoityne - "error: Variable not in scope: m"
2019-11-17 18:40:34 [ThreadId 7] ERROR phoityne - "error: Variable not in scope: w"
2019-11-17 18:40:35 [ThreadId 7] ERROR phoityne - "error: Variable not in scope: m"
2019-11-17 18:40:35 [ThreadId 7] ERROR phoityne - "error: Variable not in scope: w"
2019-11-17 18:40:36 [ThreadId 7] ERROR phoityne - "error: Variable not in scope: m"
2019-11-17 18:40:36 [ThreadId 7] ERROR phoityne - "error: Variable not in scope: w"
2019-11-17 18:40:38 [ThreadId 7] ERROR phoityne - "error: Variable not in scope: m"
2019-11-17 18:40:38 [ThreadId 7] ERROR phoityne - "error: Variable not in scope: w"
2019-11-17 18:40:40 [ThreadId 7] ERROR phoityne - "error: Variable not in scope: m"
2019-11-17 18:40:40 [ThreadId 7] ERROR phoityne - "error: Variable not in scope: w"
2019-11-17 18:40:41 [ThreadId 7] ERROR phoityne - "error: Variable not in scope: m"
2019-11-17 18:40:41 [ThreadId 7] ERROR phoityne - "error: Variable not in scope: w"
2019-11-17 18:40:42 [ThreadId 7] ERROR phoityne - "error: Variable not in scope: m"
2019-11-17 18:40:42 [ThreadId 7] ERROR phoityne - "error: Variable not in scope: w"
2019-11-17 18:40:44 [ThreadId 7] ERROR phoityne - "\"extractSourcePosition\" (line 2, column 6):\nunexpected end of input\nexpecting \"Stopped at \" or \"Stopped in \" [INPUT]11, 12, 13, 14, 15, 16, 17, 18, 19, 20, 21, 22, 23, 24, 25\nH>>= "
2019-11-17 18:40:47 [ThreadId 7] ERROR phoityne - "error: Variable not in scope: m"
2019-11-17 18:40:47 [ThreadId 7] ERROR phoityne - "error: Variable not in scope: w"
2019-11-17 18:40:48 [ThreadId 7] ERROR phoityne - "error: Variable not in scope: w"
2019-11-17 18:40:52 [ThreadId 7] ERROR phoityne - "error: Variable not in scope: w"
2019-11-17 18:40:53 [ThreadId 7] ERROR phoityne - "error: Variable not in scope: w"
2019-11-17 18:40:53 [ThreadId 7] ERROR phoityne - "error: \8226 Variable not in scope: row \8226 Perhaps you meant \8216rows\8217 (line 29)"
2019-11-17 18:40:53 [ThreadId 7] ERROR phoityne - "error: Variable not in scope: w"
2019-11-17 18:40:53 [ThreadId 7] ERROR phoityne - "error: \8226 Variable not in scope: row \8226 Perhaps you meant \8216rows\8217 (line 29)"
2019-11-17 18:40:56 [ThreadId 7] ERROR phoityne - "error: Variable not in scope: m"
2019-11-17 18:40:56 [ThreadId 7] ERROR phoityne - "error: Variable not in scope: w"
2019-11-17 18:40:57 [ThreadId 7] ERROR phoityne - "error: \8226 Variable not in scope: row \8226 Perhaps you meant \8216rows\8217 (line 29)"
2019-11-17 18:40:59 [ThreadId 7] ERROR phoityne - "error: Variable not in scope: w"
2019-11-17 18:40:59 [ThreadId 7] ERROR phoityne - "error: \8226 Variable not in scope: row \8226 Perhaps you meant \8216rows\8217 (line 29)"
2019-11-17 18:40:59 [ThreadId 7] ERROR phoityne - "error: Variable not in scope: m"
2019-11-17 18:40:59 [ThreadId 7] ERROR phoityne - "error: Variable not in scope: w"
2019-11-17 18:40:59 [ThreadId 7] ERROR phoityne - "error: \8226 Variable not in scope: row \8226 Perhaps you meant \8216rows\8217 (line 29)"
2019-11-17 18:41:01 [ThreadId 7] ERROR phoityne - "error: Variable not in scope: w"
2019-11-17 18:41:01 [ThreadId 7] ERROR phoityne - "error: \8226 Variable not in scope: row \8226 Perhaps you meant \8216rows\8217 (line 29)"
2019-11-17 18:41:02 [ThreadId 7] ERROR phoityne - "error: Variable not in scope: w"
2019-11-17 18:41:02 [ThreadId 7] ERROR phoityne - "error: \8226 Variable not in scope: row \8226 Perhaps you meant \8216rows\8217 (line 29)"
2019-11-17 18:41:04 [ThreadId 7] ERROR phoityne - "error: Variable not in scope: m"
2019-11-17 18:41:04 [ThreadId 7] ERROR phoityne - "error: Variable not in scope: w"
2019-11-17 18:41:04 [ThreadId 7] ERROR phoityne - "error: \8226 Variable not in scope: row \8226 Perhaps you meant \8216rows\8217 (line 29)"
2019-11-17 18:41:05 [ThreadId 7] ERROR phoityne - "error: Variable not in scope: m"
2019-11-17 18:41:05 [ThreadId 7] ERROR phoityne - "error: Variable not in scope: w"
2019-11-17 18:41:05 [ThreadId 7] ERROR phoityne - "error: \8226 Variable not in scope: row \8226 Perhaps you meant \8216rows\8217 (line 29)"
2019-11-17 18:41:07 [ThreadId 7] ERROR phoityne - [WARN] stepOut command is not supported. ignored.
2019-11-17 18:41:08 [ThreadId 7] ERROR phoityne - "error: Variable not in scope: m"
2019-11-17 18:41:08 [ThreadId 7] ERROR phoityne - "error: Variable not in scope: w"
2019-11-17 18:41:08 [ThreadId 7] ERROR phoityne - "error: \8226 Variable not in scope: row \8226 Perhaps you meant \8216rows\8217 (line 29)"
2019-11-17 18:41:09 [ThreadId 7] ERROR phoityne - "error: Variable not in scope: m"
2019-11-17 18:41:09 [ThreadId 7] ERROR phoityne - "error: Variable not in scope: w"
2019-11-17 18:41:09 [ThreadId 7] ERROR phoityne - "error: \8226 Variable not in scope: row \8226 Perhaps you meant \8216rows\8217 (line 29)"
2019-11-17 18:41:09 [ThreadId 7] ERROR phoityne - "error: Variable not in scope: m"
2019-11-17 18:41:09 [ThreadId 7] ERROR phoityne - "error: Variable not in scope: w"
2019-11-17 18:41:09 [ThreadId 7] ERROR phoityne - "error: \8226 Variable not in scope: row \8226 Perhaps you meant \8216rows\8217 (line 29)"
2019-11-17 18:41:10 [ThreadId 7] ERROR phoityne - "error: Variable not in scope: m"
2019-11-17 18:41:10 [ThreadId 7] ERROR phoityne - "error: Variable not in scope: w"
2019-11-17 18:41:10 [ThreadId 7] ERROR phoityne - "error: \8226 Variable not in scope: row \8226 Perhaps you meant \8216rows\8217 (line 29)"
2019-11-17 18:41:11 [ThreadId 7] ERROR phoityne - "error: Variable not in scope: m"
2019-11-17 18:41:11 [ThreadId 7] ERROR phoityne - "error: Variable not in scope: w"
2019-11-17 18:41:11 [ThreadId 7] ERROR phoityne - "error: \8226 Variable not in scope: row \8226 Perhaps you meant \8216rows\8217 (line 29)"
2019-11-17 18:41:11 [ThreadId 7] ERROR phoityne - "error: Variable not in scope: m"
2019-11-17 18:41:11 [ThreadId 7] ERROR phoityne - "error: Variable not in scope: w"
2019-11-17 18:41:11 [ThreadId 7] ERROR phoityne - "error: \8226 Variable not in scope: row \8226 Perhaps you meant \8216rows\8217 (line 29)"
2019-11-17 18:41:12 [ThreadId 7] ERROR phoityne - "error: Variable not in scope: m"
2019-11-17 18:41:12 [ThreadId 7] ERROR phoityne - "error: Variable not in scope: w"
2019-11-17 18:41:12 [ThreadId 7] ERROR phoityne - "error: \8226 Variable not in scope: row \8226 Perhaps you meant \8216rows\8217 (line 29)"
2019-11-17 18:41:12 [ThreadId 7] ERROR phoityne - "error: Variable not in scope: m"
2019-11-17 18:41:12 [ThreadId 7] ERROR phoityne - "error: Variable not in scope: w"
2019-11-17 18:41:12 [ThreadId 7] ERROR phoityne - "error: \8226 Variable not in scope: row \8226 Perhaps you meant \8216rows\8217 (line 29)"
2019-11-17 18:41:13 [ThreadId 7] ERROR phoityne - "error: Variable not in scope: m"
2019-11-17 18:41:13 [ThreadId 7] ERROR phoityne - "error: Variable not in scope: w"
2019-11-17 18:41:13 [ThreadId 7] ERROR phoityne - "error: \8226 Variable not in scope: row \8226 Perhaps you meant \8216rows\8217 (line 29)"
2019-11-17 18:41:13 [ThreadId 7] ERROR phoityne - "error: Variable not in scope: m"
2019-11-17 18:41:13 [ThreadId 7] ERROR phoityne - "error: Variable not in scope: w"
2019-11-17 18:41:13 [ThreadId 7] ERROR phoityne - "error: \8226 Variable not in scope: row \8226 Perhaps you meant \8216rows\8217 (line 29)"
2019-11-17 18:41:14 [ThreadId 7] ERROR phoityne - "error: Variable not in scope: m"
2019-11-17 18:41:14 [ThreadId 7] ERROR phoityne - "error: Variable not in scope: w"
2019-11-17 18:41:14 [ThreadId 7] ERROR phoityne - "error: \8226 Variable not in scope: row \8226 Perhaps you meant \8216rows\8217 (line 29)"
2019-11-17 18:41:15 [ThreadId 7] ERROR phoityne - "error: Variable not in scope: m"
2019-11-17 18:41:15 [ThreadId 7] ERROR phoityne - "error: Variable not in scope: w"
2019-11-17 18:41:15 [ThreadId 7] ERROR phoityne - "error: \8226 Variable not in scope: row \8226 Perhaps you meant \8216rows\8217 (line 29)"
2019-11-17 18:41:15 [ThreadId 7] ERROR phoityne - "error: Variable not in scope: m"
2019-11-17 18:41:15 [ThreadId 7] ERROR phoityne - "error: Variable not in scope: w"
2019-11-17 18:41:15 [ThreadId 7] ERROR phoityne - "error: \8226 Variable not in scope: row \8226 Perhaps you meant \8216rows\8217 (line 29)"
2019-11-17 18:41:16 [ThreadId 7] ERROR phoityne - "error: Variable not in scope: m"
2019-11-17 18:41:16 [ThreadId 7] ERROR phoityne - "error: Variable not in scope: w"
2019-11-17 18:41:16 [ThreadId 7] ERROR phoityne - "error: \8226 Variable not in scope: row \8226 Perhaps you meant \8216rows\8217 (line 29)"
2019-11-17 18:41:16 [ThreadId 7] ERROR phoityne - "error: Variable not in scope: m"
2019-11-17 18:41:16 [ThreadId 7] ERROR phoityne - "error: Variable not in scope: w"
2019-11-17 18:41:16 [ThreadId 7] ERROR phoityne - "error: \8226 Variable not in scope: row \8226 Perhaps you meant \8216rows\8217 (line 29)"
2019-11-17 18:41:17 [ThreadId 7] ERROR phoityne - "error: Variable not in scope: m"
2019-11-17 18:41:17 [ThreadId 7] ERROR phoityne - "error: Variable not in scope: w"
2019-11-17 18:41:17 [ThreadId 7] ERROR phoityne - "error: \8226 Variable not in scope: row \8226 Perhaps you meant \8216rows\8217 (line 29)"
2019-11-17 18:41:17 [ThreadId 7] ERROR phoityne - "error: Variable not in scope: m"
2019-11-17 18:41:17 [ThreadId 7] ERROR phoityne - "error: Variable not in scope: w"
2019-11-17 18:41:17 [ThreadId 7] ERROR phoityne - "error: \8226 Variable not in scope: row \8226 Perhaps you meant \8216rows\8217 (line 29)"
2019-11-17 18:41:18 [ThreadId 7] ERROR phoityne - "error: Variable not in scope: m"
2019-11-17 18:41:18 [ThreadId 7] ERROR phoityne - "error: Variable not in scope: w"
2019-11-17 18:41:18 [ThreadId 7] ERROR phoityne - "error: \8226 Variable not in scope: row \8226 Perhaps you meant \8216rows\8217 (line 29)"
2019-11-17 18:41:19 [ThreadId 7] ERROR phoityne - "error: Variable not in scope: m"
2019-11-17 18:41:19 [ThreadId 7] ERROR phoityne - "error: Variable not in scope: w"
2019-11-17 18:41:19 [ThreadId 7] ERROR phoityne - "error: \8226 Variable not in scope: row \8226 Perhaps you meant \8216rows\8217 (line 29)"
2019-11-17 18:41:19 [ThreadId 7] ERROR phoityne - "error: Variable not in scope: m"
2019-11-17 18:41:19 [ThreadId 7] ERROR phoityne - "error: Variable not in scope: w"
2019-11-17 18:41:19 [ThreadId 7] ERROR phoityne - "error: \8226 Variable not in scope: row \8226 Perhaps you meant \8216rows\8217 (line 29)"
2019-11-17 18:41:20 [ThreadId 7] ERROR phoityne - "error: Variable not in scope: m"
2019-11-17 18:41:20 [ThreadId 7] ERROR phoityne - "error: Variable not in scope: w"
2019-11-17 18:41:20 [ThreadId 7] ERROR phoityne - "error: \8226 Variable not in scope: row \8226 Perhaps you meant \8216rows\8217 (line 29)"
2019-11-17 18:41:20 [ThreadId 7] ERROR phoityne - "error: Variable not in scope: m"
2019-11-17 18:41:20 [ThreadId 7] ERROR phoityne - "error: Variable not in scope: w"
2019-11-17 18:41:20 [ThreadId 7] ERROR phoityne - "error: \8226 Variable not in scope: row \8226 Perhaps you meant \8216rows\8217 (line 29)"
2019-11-17 18:41:21 [ThreadId 7] ERROR phoityne - "error: Variable not in scope: m"
2019-11-17 18:41:21 [ThreadId 7] ERROR phoityne - "error: Variable not in scope: w"
2019-11-17 18:41:21 [ThreadId 7] ERROR phoityne - "error: \8226 Variable not in scope: row \8226 Perhaps you meant \8216rows\8217 (line 29)"
2019-11-17 18:41:21 [ThreadId 7] ERROR phoityne - "error: Variable not in scope: m"
2019-11-17 18:41:21 [ThreadId 7] ERROR phoityne - "error: Variable not in scope: w"
2019-11-17 18:41:21 [ThreadId 7] ERROR phoityne - "error: \8226 Variable not in scope: row \8226 Perhaps you meant \8216rows\8217 (line 29)"
2019-11-17 18:41:22 [ThreadId 7] ERROR phoityne - "error: Variable not in scope: m"
2019-11-17 18:41:22 [ThreadId 7] ERROR phoityne - "error: Variable not in scope: w"
2019-11-17 18:41:22 [ThreadId 7] ERROR phoityne - "error: \8226 Variable not in scope: row \8226 Perhaps you meant \8216rows\8217 (line 29)"
2019-11-17 18:41:22 [ThreadId 7] ERROR phoityne - "error: Variable not in scope: m"
2019-11-17 18:41:22 [ThreadId 7] ERROR phoityne - "error: Variable not in scope: w"
2019-11-17 18:41:22 [ThreadId 7] ERROR phoityne - "error: \8226 Variable not in scope: row \8226 Perhaps you meant \8216rows\8217 (line 29)"
2019-11-17 18:41:23 [ThreadId 7] ERROR phoityne - "error: Variable not in scope: m"
2019-11-17 18:41:23 [ThreadId 7] ERROR phoityne - "error: Variable not in scope: w"
2019-11-17 18:41:23 [ThreadId 7] ERROR phoityne - "error: \8226 Variable not in scope: row \8226 Perhaps you meant \8216rows\8217 (line 29)"
2019-11-17 18:41:23 [ThreadId 7] ERROR phoityne - "error: Variable not in scope: m"
2019-11-17 18:41:23 [ThreadId 7] ERROR phoityne - "error: Variable not in scope: w"
2019-11-17 18:41:23 [ThreadId 7] ERROR phoityne - "error: \8226 Variable not in scope: row \8226 Perhaps you meant \8216rows\8217 (line 29)"
2019-11-17 18:41:24 [ThreadId 7] ERROR phoityne - "error: Variable not in scope: m"
2019-11-17 18:41:24 [ThreadId 7] ERROR phoityne - "error: Variable not in scope: w"
2019-11-17 18:41:24 [ThreadId 7] ERROR phoityne - "error: \8226 Variable not in scope: row \8226 Perhaps you meant \8216rows\8217 (line 29)"
2019-11-17 18:41:25 [ThreadId 7] ERROR phoityne - "error: Variable not in scope: m"
2019-11-17 18:41:25 [ThreadId 7] ERROR phoityne - "error: Variable not in scope: w"
2019-11-17 18:41:25 [ThreadId 7] ERROR phoityne - "error: \8226 Variable not in scope: row \8226 Perhaps you meant \8216rows\8217 (line 29)"
2019-11-17 18:41:25 [ThreadId 7] ERROR phoityne - "error: Variable not in scope: m"
2019-11-17 18:41:25 [ThreadId 7] ERROR phoityne - "error: Variable not in scope: w"
2019-11-17 18:41:25 [ThreadId 7] ERROR phoityne - "error: \8226 Variable not in scope: row \8226 Perhaps you meant \8216rows\8217 (line 29)"
2019-11-17 18:41:26 [ThreadId 7] ERROR phoityne - "error: Variable not in scope: m"
2019-11-17 18:41:26 [ThreadId 7] ERROR phoityne - "error: Variable not in scope: w"
2019-11-17 18:41:26 [ThreadId 7] ERROR phoityne - "error: \8226 Variable not in scope: row \8226 Perhaps you meant \8216rows\8217 (line 29)"
2019-11-17 18:41:26 [ThreadId 7] ERROR phoityne - "error: Variable not in scope: m"
2019-11-17 18:41:26 [ThreadId 7] ERROR phoityne - "error: Variable not in scope: w"
2019-11-17 18:41:26 [ThreadId 7] ERROR phoityne - "error: \8226 Variable not in scope: row \8226 Perhaps you meant \8216rows\8217 (line 29)"
2019-11-17 18:41:27 [ThreadId 7] ERROR phoityne - "error: Variable not in scope: m"
2019-11-17 18:41:27 [ThreadId 7] ERROR phoityne - "error: Variable not in scope: w"
2019-11-17 18:41:27 [ThreadId 7] ERROR phoityne - "error: \8226 Variable not in scope: row \8226 Perhaps you meant \8216rows\8217 (line 29)"
2019-11-17 18:41:27 [ThreadId 7] ERROR phoityne - "error: Variable not in scope: m"
2019-11-17 18:41:27 [ThreadId 7] ERROR phoityne - "error: Variable not in scope: w"
2019-11-17 18:41:27 [ThreadId 7] ERROR phoityne - "error: \8226 Variable not in scope: row \8226 Perhaps you meant \8216rows\8217 (line 29)"
2019-11-17 18:41:28 [ThreadId 7] ERROR phoityne - "error: Variable not in scope: m"
2019-11-17 18:41:28 [ThreadId 7] ERROR phoityne - "error: Variable not in scope: w"
2019-11-17 18:41:28 [ThreadId 7] ERROR phoityne - "error: \8226 Variable not in scope: row \8226 Perhaps you meant \8216rows\8217 (line 29)"
2019-11-17 18:41:28 [ThreadId 7] ERROR phoityne - "error: Variable not in scope: m"
2019-11-17 18:41:28 [ThreadId 7] ERROR phoityne - "error: Variable not in scope: w"
2019-11-17 18:41:28 [ThreadId 7] ERROR phoityne - "error: \8226 Variable not in scope: row \8226 Perhaps you meant \8216rows\8217 (line 29)"
2019-11-17 18:41:29 [ThreadId 7] ERROR phoityne - "error: Variable not in scope: m"
2019-11-17 18:41:29 [ThreadId 7] ERROR phoityne - "error: Variable not in scope: w"
2019-11-17 18:41:29 [ThreadId 7] ERROR phoityne - "error: \8226 Variable not in scope: row \8226 Perhaps you meant \8216rows\8217 (line 29)"
2019-11-17 18:41:29 [ThreadId 7] ERROR phoityne - "error: Variable not in scope: m"
2019-11-17 18:41:29 [ThreadId 7] ERROR phoityne - "error: Variable not in scope: w"
2019-11-17 18:41:29 [ThreadId 7] ERROR phoityne - "error: \8226 Variable not in scope: row \8226 Perhaps you meant \8216rows\8217 (line 29)"
2019-11-17 18:41:30 [ThreadId 7] ERROR phoityne - "error: Variable not in scope: m"
2019-11-17 18:41:30 [ThreadId 7] ERROR phoityne - "error: Variable not in scope: w"
2019-11-17 18:41:30 [ThreadId 7] ERROR phoityne - "error: \8226 Variable not in scope: row \8226 Perhaps you meant \8216rows\8217 (line 29)"
2019-11-17 18:41:31 [ThreadId 7] ERROR phoityne - "error: Variable not in scope: m"
2019-11-17 18:41:31 [ThreadId 7] ERROR phoityne - "error: Variable not in scope: w"
2019-11-17 18:41:31 [ThreadId 7] ERROR phoityne - "error: \8226 Variable not in scope: row \8226 Perhaps you meant \8216rows\8217 (line 29)"
2019-11-17 18:41:31 [ThreadId 7] ERROR phoityne - "error: Variable not in scope: m"
2019-11-17 18:41:31 [ThreadId 7] ERROR phoityne - "error: Variable not in scope: w"
2019-11-17 18:41:31 [ThreadId 7] ERROR phoityne - "error: \8226 Variable not in scope: row \8226 Perhaps you meant \8216rows\8217 (line 29)"
2019-11-17 18:41:31 [ThreadId 7] ERROR phoityne - "error: Variable not in scope: m"
2019-11-17 18:41:31 [ThreadId 7] ERROR phoityne - "error: Variable not in scope: w"
2019-11-17 18:41:31 [ThreadId 7] ERROR phoityne - "error: \8226 Variable not in scope: row \8226 Perhaps you meant \8216rows\8217 (line 29)"
2019-11-17 18:41:31 [ThreadId 7] ERROR phoityne - "error: Variable not in scope: m"
2019-11-17 18:41:31 [ThreadId 7] ERROR phoityne - "error: Variable not in scope: w"
2019-11-17 18:41:32 [ThreadId 7] ERROR phoityne - "error: \8226 Variable not in scope: row \8226 Perhaps you meant \8216rows\8217 (line 29)"
2019-11-17 19:17:54 [ThreadId 7] ERROR phoityne - "error: Variable not in scope: m"
2019-11-17 19:17:54 [ThreadId 7] ERROR phoityne - "error: Variable not in scope: w"
2019-11-17 19:17:54 [ThreadId 7] ERROR phoityne - "error: \8226 Variable not in scope: row \8226 Perhaps you meant \8216rows\8217 (line 32)"
2019-11-17 19:18:40 [ThreadId 7] ERROR phoityne - "error: Variable not in scope: m"
2019-11-17 19:18:40 [ThreadId 7] ERROR phoityne - "error: \8226 Variable not in scope: row \8226 Perhaps you meant \8216rows\8217 (line 32)"
2019-11-17 19:18:43 [ThreadId 7] ERROR phoityne - "error: Variable not in scope: m"
2019-11-17 19:18:43 [ThreadId 7] ERROR phoityne - "error: \8226 Variable not in scope: row \8226 Perhaps you meant \8216rows\8217 (line 32)"
2019-11-17 19:20:00 [ThreadId 7] ERROR phoityne - "error: Variable not in scope: m"
2019-11-17 19:20:00 [ThreadId 7] ERROR phoityne - "error: \8226 Variable not in scope: row \8226 Perhaps you meant \8216rows\8217 (line 32)"
2019-11-17 19:20:01 [ThreadId 7] ERROR phoityne - "error: Variable not in scope: m"
2019-11-17 19:20:01 [ThreadId 7] ERROR phoityne - "error: \8226 Variable not in scope: row \8226 Perhaps you meant \8216rows\8217 (line 32)"
2019-11-17 19:20:02 [ThreadId 7] ERROR phoityne - "error: Variable not in scope: m"
2019-11-17 19:20:02 [ThreadId 7] ERROR phoityne - "error: \8226 Variable not in scope: row \8226 Perhaps you meant \8216rows\8217 (line 32)"
2019-11-17 19:20:04 [ThreadId 7] ERROR phoityne - "error: Variable not in scope: m"
2019-11-17 19:20:04 [ThreadId 7] ERROR phoityne - "error: \8226 Variable not in scope: row \8226 Perhaps you meant \8216rows\8217 (line 32)"
2019-11-17 19:20:09 [ThreadId 7] ERROR phoityne - "error: Variable not in scope: m"
2019-11-17 19:20:09 [ThreadId 7] ERROR phoityne - "error: \8226 Variable not in scope: row \8226 Perhaps you meant \8216rows\8217 (line 32)"
2019-11-17 19:20:10 [ThreadId 7] ERROR phoityne - "error: Variable not in scope: m"
2019-11-17 19:20:10 [ThreadId 7] ERROR phoityne - "error: \8226 Variable not in scope: row \8226 Perhaps you meant \8216rows\8217 (line 32)"
2019-11-17 19:20:10 [ThreadId 7] ERROR phoityne - "error: Variable not in scope: \1096"
2019-11-17 19:20:10 [ThreadId 7] ERROR phoityne - "error: Variable not in scope: m"
2019-11-17 19:20:10 [ThreadId 7] ERROR phoityne - "error: \8226 Variable not in scope: row \8226 Perhaps you meant \8216rows\8217 (line 32)"
2019-11-17 19:20:10 [ThreadId 7] ERROR phoityne - "error: Variable not in scope: \1096"
2019-11-17 19:20:16 [ThreadId 7] ERROR phoityne - "error: Variable not in scope: m"
2019-11-17 19:20:16 [ThreadId 7] ERROR phoityne - "error: \8226 Variable not in scope: row \8226 Perhaps you meant \8216rows\8217 (line 32)"
2019-11-17 19:20:16 [ThreadId 7] ERROR phoityne - "error: Variable not in scope: m"
2019-11-17 19:20:16 [ThreadId 7] ERROR phoityne - "error: \8226 Variable not in scope: row \8226 Perhaps you meant \8216rows\8217 (line 32)"
2019-11-17 19:20:17 [ThreadId 7] ERROR phoityne - "error: Variable not in scope: m"
2019-11-17 19:20:17 [ThreadId 7] ERROR phoityne - "error: \8226 Variable not in scope: row \8226 Perhaps you meant \8216rows\8217 (line 32)"
2019-11-17 19:20:19 [ThreadId 7] ERROR phoityne - "error: Variable not in scope: m"
2019-11-17 19:20:19 [ThreadId 7] ERROR phoityne - "error: \8226 Variable not in scope: row \8226 Perhaps you meant \8216rows\8217 (line 32)"
2019-11-17 19:20:19 [ThreadId 7] ERROR phoityne - "error: Variable not in scope: m"
2019-11-17 19:20:19 [ThreadId 7] ERROR phoityne - "error: \8226 Variable not in scope: row \8226 Perhaps you meant \8216rows\8217 (line 32)"
2019-11-17 19:21:42 [ThreadId 7] ERROR phoityne - "error: Variable not in scope: m"
2019-11-17 19:21:42 [ThreadId 7] ERROR phoityne - "error: Variable not in scope: w"
2019-11-17 19:21:42 [ThreadId 7] ERROR phoityne - "error: \8226 Variable not in scope: row \8226 Perhaps you meant \8216rows\8217 (line 32)"
2019-11-17 19:21:42 [ThreadId 7] ERROR phoityne - "error: Variable not in scope: i"
2019-11-17 19:21:42 [ThreadId 7] ERROR phoityne - "error: Variable not in scope: j"
2019-11-17 19:21:44 [ThreadId 7] ERROR phoityne - "error: Variable not in scope: m"
2019-11-17 19:21:44 [ThreadId 7] ERROR phoityne - "error: Variable not in scope: w"
2019-11-17 19:21:44 [ThreadId 7] ERROR phoityne - "error: \8226 Variable not in scope: row \8226 Perhaps you meant \8216rows\8217 (line 32)"
2019-11-17 19:21:44 [ThreadId 7] ERROR phoityne - "error: Variable not in scope: i"
2019-11-17 19:21:45 [ThreadId 7] ERROR phoityne - "error: Variable not in scope: m"
2019-11-17 19:21:45 [ThreadId 7] ERROR phoityne - "error: Variable not in scope: w"
2019-11-17 19:21:45 [ThreadId 7] ERROR phoityne - "error: \8226 Variable not in scope: row \8226 Perhaps you meant \8216rows\8217 (line 32)"
2019-11-17 19:22:00 [ThreadId 7] ERROR phoityne - "error: Variable not in scope: m"
2019-11-17 19:22:00 [ThreadId 7] ERROR phoityne - "error: Variable not in scope: w"
2019-11-17 19:22:00 [ThreadId 7] ERROR phoityne - "error: \8226 Variable not in scope: row \8226 Perhaps you meant \8216rows\8217 (line 32)"
2019-11-17 19:22:01 [ThreadId 7] ERROR phoityne - "error: Variable not in scope: m"
2019-11-17 19:22:01 [ThreadId 7] ERROR phoityne - "error: Variable not in scope: w"
2019-11-17 19:22:01 [ThreadId 7] ERROR phoityne - "error: \8226 Variable not in scope: row \8226 Perhaps you meant \8216rows\8217 (line 32)"
2019-11-17 19:22:14 [ThreadId 7] ERROR phoityne - "error: Variable not in scope: m"
2019-11-17 19:22:14 [ThreadId 7] ERROR phoityne - "error: Variable not in scope: w"
2019-11-17 19:22:14 [ThreadId 7] ERROR phoityne - "error: \8226 Variable not in scope: row \8226 Perhaps you meant \8216rows\8217 (line 32)"
2019-11-17 19:22:19 [ThreadId 7] ERROR phoityne - "error: Variable not in scope: m"
2019-11-17 19:22:19 [ThreadId 7] ERROR phoityne - "error: Variable not in scope: w"
2019-11-17 19:22:19 [ThreadId 7] ERROR phoityne - "error: \8226 Variable not in scope: row \8226 Perhaps you meant \8216rows\8217 (line 32)"
2019-11-17 19:22:20 [ThreadId 7] ERROR phoityne - "error: parse error on input \8216where\8217"
2019-11-17 19:22:20 [ThreadId 7] ERROR phoityne - "error: Variable not in scope: m"
2019-11-17 19:22:20 [ThreadId 7] ERROR phoityne - "error: Variable not in scope: w"
2019-11-17 19:22:20 [ThreadId 7] ERROR phoityne - "error: \8226 Variable not in scope: row \8226 Perhaps you meant \8216rows\8217 (line 32)"
2019-11-17 19:22:20 [ThreadId 7] ERROR phoityne - "error: Variable not in scope: m"
2019-11-17 19:22:20 [ThreadId 7] ERROR phoityne - "error: Variable not in scope: w"
2019-11-17 19:22:20 [ThreadId 7] ERROR phoityne - "error: \8226 Variable not in scope: row \8226 Perhaps you meant \8216rows\8217 (line 32)"
2019-11-17 19:22:26 [ThreadId 7] ERROR phoityne - "error: Variable not in scope: m"
2019-11-17 19:22:26 [ThreadId 7] ERROR phoityne - "error: Variable not in scope: w"
2019-11-17 19:22:26 [ThreadId 7] ERROR phoityne - "error: \8226 Variable not in scope: row \8226 Perhaps you meant \8216rows\8217 (line 32)"
2019-11-17 19:22:26 [ThreadId 7] ERROR phoityne - "error: Variable not in scope: i"
2019-11-17 19:22:26 [ThreadId 7] ERROR phoityne - "error: Variable not in scope: j"
2019-11-17 19:22:26 [ThreadId 7] ERROR phoityne - "error: Variable not in scope: h"
2019-11-17 19:22:29 [ThreadId 7] ERROR phoityne - "error: Variable not in scope: m"
2019-11-17 19:22:29 [ThreadId 7] ERROR phoityne - "error: Variable not in scope: w"
2019-11-17 19:22:29 [ThreadId 7] ERROR phoityne - "error: \8226 Variable not in scope: row \8226 Perhaps you meant \8216rows\8217 (line 32)"
2019-11-17 19:22:29 [ThreadId 7] ERROR phoityne - "error: Variable not in scope: i"
2019-11-17 19:22:29 [ThreadId 7] ERROR phoityne - "error: Variable not in scope: j"
2019-11-17 19:22:29 [ThreadId 7] ERROR phoityne - "error: Variable not in scope: h"
2019-11-17 19:23:42 [ThreadId 7] ERROR phoityne - "error: Variable not in scope: m"
2019-11-17 19:23:42 [ThreadId 7] ERROR phoityne - "error: Variable not in scope: w"
2019-11-17 19:23:42 [ThreadId 7] ERROR phoityne - "error: \8226 Variable not in scope: row \8226 Perhaps you meant \8216rows\8217 (line 32)"
2019-11-17 19:24:01 [ThreadId 7] ERROR phoityne - "error: Variable not in scope: m"
2019-11-17 19:24:01 [ThreadId 7] ERROR phoityne - "error: Variable not in scope: w"
2019-11-17 19:24:01 [ThreadId 7] ERROR phoityne - "error: \8226 Variable not in scope: row \8226 Perhaps you meant \8216rows\8217 (line 32)"
2019-11-17 19:24:01 [ThreadId 7] ERROR phoityne - "error: Variable not in scope: i"
2019-11-17 19:24:01 [ThreadId 7] ERROR phoityne - "error: Variable not in scope: j"
2019-11-17 19:24:01 [ThreadId 7] ERROR phoityne - "error: Variable not in scope: h"
2019-11-17 19:24:02 [ThreadId 7] ERROR phoityne - "error: Variable not in scope: m"
2019-11-17 19:24:02 [ThreadId 7] ERROR phoityne - "error: Variable not in scope: w"
2019-11-17 19:24:02 [ThreadId 7] ERROR phoityne - "error: \8226 Variable not in scope: row \8226 Perhaps you meant \8216rows\8217 (line 32)"
2019-11-17 19:24:02 [ThreadId 7] ERROR phoityne - "error: Variable not in scope: i"
2019-11-17 19:24:02 [ThreadId 7] ERROR phoityne - "error: Variable not in scope: j"
2019-11-17 19:24:02 [ThreadId 7] ERROR phoityne - "error: Variable not in scope: h"
2019-11-17 21:44:23 [ThreadId 7] ERROR phoityne - "error: Variable not in scope: m"
2019-11-17 21:44:23 [ThreadId 7] ERROR phoityne - "error: Variable not in scope: w"
2019-11-17 21:44:23 [ThreadId 7] ERROR phoityne - "error: \8226 Variable not in scope: row \8226 Perhaps you meant \8216rows\8217 (line 32)"
2019-11-17 21:44:23 [ThreadId 7] ERROR phoityne - "error: Variable not in scope: i"
2019-11-17 21:44:23 [ThreadId 7] ERROR phoityne - "error: Variable not in scope: j"
2019-11-17 21:44:23 [ThreadId 7] ERROR phoityne - "error: Variable not in scope: h"
